2025-02-10 11:04:42,366 [Worker-2: Loading available Gradle versions] INFO  o.e.b.c.i.u.g.PublishedGradleVersions - Gradle version information cache is not available. Remote download required.
2025-02-10 11:05:05,497 [Worker-1: Importing Maven projects] ERROR o.e.m.c.i.p.ProjectConfigurationManager - Project ApiRest_version02 already exists
2025-02-10 11:05:09,287 [Worker-1: Importing Maven projects] INFO  o.e.m.c.i.l.LifecycleMappingFactory - Using org.eclipse.m2e.jdt.JarLifecycleMapping lifecycle mapping for MavenProject: com.ejemplos:ApiRest_version01:0.0.1-SNAPSHOT @ /home/fernando/05_AD_PSP/PSP_SPRING/01_ApiRest_version01/pom.xml.
2025-02-10 11:05:09,806 [Worker-1: Importing Maven projects] INFO  o.e.m.c.i.l.LifecycleMappingFactory - Using org.eclipse.m2e.jdt.JarLifecycleMapping lifecycle mapping for MavenProject: com.ejemplos:ApiRest_version02:0.0.1-SNAPSHOT @ /home/fernando/05_AD_PSP/PSP_SPRING/02_ApiRest_version2/pom.xml.
2025-02-10 11:05:09,890 [Worker-1: Importing Maven projects] INFO  o.e.m.c.i.l.LifecycleMappingFactory - Using org.eclipse.m2e.jdt.JarLifecycleMapping lifecycle mapping for MavenProject: com.ejemplos:ApiRest_version03:0.0.1-SNAPSHOT @ /home/fernando/05_AD_PSP/PSP_SPRING/03_ApiRest_version3/pom.xml.
2025-02-10 11:05:10,119 [Worker-1: Importing Maven projects] INFO  o.e.m.c.i.l.LifecycleMappingFactory - Using org.eclipse.m2e.jdt.JarLifecycleMapping lifecycle mapping for MavenProject: com.ejemplos:API_REST_Entrega3:0.0.1-SNAPSHOT @ /home/fernando/05_AD_PSP/PSP_SPRING/04_ApiRest_version3_3tablas/pom.xml.
2025-02-10 11:05:10,663 [Worker-1: Importing Maven projects] INFO  o.e.m.c.i.l.LifecycleMappingFactory - Using org.eclipse.m2e.jdt.JarLifecycleMapping lifecycle mapping for MavenProject: com.ejemplos.Pais:Pais:0.0.1-SNAPSHOT @ /home/fernando/05_AD_PSP/PSP_SPRING/05_Pais/pom.xml.
2025-02-10 11:05:10,873 [Worker-1: Importing Maven projects] INFO  o.e.m.c.i.l.LifecycleMappingFactory - Using org.eclipse.m2e.jdt.JarLifecycleMapping lifecycle mapping for MavenProject: com.ejemplos:Ejercicio1_AD:0.0.1-SNAPSHOT @ /home/fernando/05_AD_PSP/PSP_SPRING/06_Ejercicio1_AD/pom.xml.
2025-02-10 11:05:10,938 [Worker-1: Importing Maven projects] INFO  o.e.m.c.i.l.LifecycleMappingFactory - Using org.eclipse.m2e.jdt.JarLifecycleMapping lifecycle mapping for MavenProject: com.ejemplos:apiWEB:0.0.1-SNAPSHOT @ /home/fernando/05_AD_PSP/PSP_SPRING/08_apiWEB_Usuario/pom.xml.
2025-02-10 11:05:11,037 [Worker-1: Importing Maven projects] INFO  o.e.m.c.i.l.LifecycleMappingFactory - Using org.eclipse.m2e.jdt.JarLifecycleMapping lifecycle mapping for MavenProject: com.ejemplos:API_REST_mysql:0.0.1-SNAPSHOT @ /home/fernando/05_AD_PSP/PSP_SPRING/09_API_REST_mysql/pom.xml.
2025-02-10 11:05:11,077 [Worker-1: Importing Maven projects] INFO  o.e.m.c.i.l.LifecycleMappingFactory - Using org.eclipse.m2e.jdt.JarLifecycleMapping lifecycle mapping for MavenProject: com.ejemplos:ApiRest_Senderos_BI:0.0.1-SNAPSHOT @ /home/fernando/05_AD_PSP/PSP_SPRING/10_ApiRest_Senderos_BI/pom.xml.
2025-02-10 11:05:11,126 [Worker-1: Importing Maven projects] INFO  o.e.m.c.i.l.LifecycleMappingFactory - Using org.eclipse.m2e.jdt.JarLifecycleMapping lifecycle mapping for MavenProject: com.ejemplos:apiWEB_SENDEROS:0.0.1-SNAPSHOT @ /home/fernando/05_AD_PSP/PSP_SPRING/11_ApiWEB_SENDEROS/pom.xml.
2025-02-10 11:05:11,170 [Worker-1: Importing Maven projects] INFO  o.e.m.c.i.l.LifecycleMappingFactory - Using org.eclipse.m2e.jdt.JarLifecycleMapping lifecycle mapping for MavenProject: com.ejemplos:apiWEB_SENDEROSExtra:0.0.1-SNAPSHOT @ /home/fernando/05_AD_PSP/PSP_SPRING/12_apiWEB_SENDEROSExtra/pom.xml.
2025-02-10 11:05:11,225 [Worker-1: Importing Maven projects] INFO  o.e.m.c.i.l.LifecycleMappingFactory - Using org.eclipse.m2e.jdt.JarLifecycleMapping lifecycle mapping for MavenProject: com.ejemplos:ApiRest_version05_25_alumnos:0.0.1-SNAPSHOT @ /home/fernando/05_AD_PSP/PSP_SPRING/ApiRest_version05_25_alumnos/pom.xml.
2025-02-10 11:05:11,261 [Worker-1: Importing Maven projects] WARN  o.e.m.c.i.embedder.EclipseLogger - The artifact org.hibernate:hibernate-core:pom:6.3.0.Final has been relocated to org.hibernate.orm:hibernate-core:pom:6.3.0.Final
2025-02-10 11:05:13,356 [Worker-1: Importing Maven projects] INFO  o.e.m.j.i.AbstractJavaProjectConfigurator - Adding source folder /ApiRest_version03/src/main/java
2025-02-10 11:05:13,358 [Worker-1: Importing Maven projects] INFO  o.e.m.j.i.AbstractJavaProjectConfigurator - Adding resource folder /ApiRest_version03/src/main/resources
2025-02-10 11:05:13,358 [Worker-1: Importing Maven projects] INFO  o.e.m.j.i.AbstractJavaProjectConfigurator - Adding resource folder /ApiRest_version03/src/main/resources
2025-02-10 11:05:13,359 [Worker-1: Importing Maven projects] INFO  o.e.m.j.i.AbstractJavaProjectConfigurator - Adding source folder /ApiRest_version03/src/test/java
2025-02-10 11:05:13,360 [Worker-1: Importing Maven projects] INFO  o.e.m.j.i.AbstractJavaProjectConfigurator - Adding resource folder /ApiRest_version03/src/test/resources
2025-02-10 11:05:13,716 [Worker-1: Importing Maven projects] INFO  o.e.m.j.i.AbstractJavaProjectConfigurator - Adding source folder /API_REST_Entrega3/src/main/java
2025-02-10 11:05:13,718 [Worker-1: Importing Maven projects] INFO  o.e.m.j.i.AbstractJavaProjectConfigurator - Adding resource folder /API_REST_Entrega3/src/main/resources
2025-02-10 11:05:13,718 [Worker-1: Importing Maven projects] INFO  o.e.m.j.i.AbstractJavaProjectConfigurator - Adding resource folder /API_REST_Entrega3/src/main/resources
2025-02-10 11:05:13,719 [Worker-1: Importing Maven projects] INFO  o.e.m.j.i.AbstractJavaProjectConfigurator - Adding source folder /API_REST_Entrega3/src/test/java
2025-02-10 11:05:13,719 [Worker-1: Importing Maven projects] INFO  o.e.m.j.i.AbstractJavaProjectConfigurator - Adding resource folder /API_REST_Entrega3/src/test/resources
2025-02-10 11:05:13,970 [Worker-1: Importing Maven projects] INFO  o.e.m.j.i.AbstractJavaProjectConfigurator - Adding source folder /ApiRest_version01/src/main/java
2025-02-10 11:05:13,970 [Worker-1: Importing Maven projects] INFO  o.e.m.j.i.AbstractJavaProjectConfigurator - Adding resource folder /ApiRest_version01/src/main/resources
2025-02-10 11:05:13,972 [Worker-1: Importing Maven projects] INFO  o.e.m.j.i.AbstractJavaProjectConfigurator - Adding resource folder /ApiRest_version01/src/main/resources
2025-02-10 11:05:13,972 [Worker-1: Importing Maven projects] INFO  o.e.m.j.i.AbstractJavaProjectConfigurator - Adding source folder /ApiRest_version01/src/test/java
2025-02-10 11:05:13,972 [Worker-1: Importing Maven projects] INFO  o.e.m.j.i.AbstractJavaProjectConfigurator - Adding resource folder /ApiRest_version01/src/test/resources
2025-02-10 11:05:14,179 [Worker-1: Importing Maven projects] INFO  o.e.m.j.i.AbstractJavaProjectConfigurator - Adding source folder /apiWEB/src/main/java
2025-02-10 11:05:14,180 [Worker-1: Importing Maven projects] INFO  o.e.m.j.i.AbstractJavaProjectConfigurator - Adding resource folder /apiWEB/src/main/resources
2025-02-10 11:05:14,181 [Worker-1: Importing Maven projects] INFO  o.e.m.j.i.AbstractJavaProjectConfigurator - Adding resource folder /apiWEB/src/main/resources
2025-02-10 11:05:14,181 [Worker-1: Importing Maven projects] INFO  o.e.m.j.i.AbstractJavaProjectConfigurator - Adding source folder /apiWEB/src/test/java
2025-02-10 11:05:14,182 [Worker-1: Importing Maven projects] INFO  o.e.m.j.i.AbstractJavaProjectConfigurator - Adding resource folder /apiWEB/src/test/resources
2025-02-10 11:05:14,293 [Worker-1: Importing Maven projects] INFO  o.e.m.j.i.AbstractJavaProjectConfigurator - Adding source folder /API_REST_mysql/src/main/java
2025-02-10 11:05:14,293 [Worker-1: Importing Maven projects] INFO  o.e.m.j.i.AbstractJavaProjectConfigurator - Adding resource folder /API_REST_mysql/src/main/resources
2025-02-10 11:05:14,296 [Worker-1: Importing Maven projects] INFO  o.e.m.j.i.AbstractJavaProjectConfigurator - Adding resource folder /API_REST_mysql/src/main/resources
2025-02-10 11:05:14,296 [Worker-1: Importing Maven projects] INFO  o.e.m.j.i.AbstractJavaProjectConfigurator - Adding source folder /API_REST_mysql/src/test/java
2025-02-10 11:05:14,297 [Worker-1: Importing Maven projects] INFO  o.e.m.j.i.AbstractJavaProjectConfigurator - Adding resource folder /API_REST_mysql/src/test/resources
2025-02-10 11:05:14,479 [Worker-1: Importing Maven projects] INFO  o.e.m.j.i.AbstractJavaProjectConfigurator - Adding source folder /ApiRest_version02/src/main/java
2025-02-10 11:05:14,479 [Worker-1: Importing Maven projects] INFO  o.e.m.j.i.AbstractJavaProjectConfigurator - Adding resource folder /ApiRest_version02/src/main/resources
2025-02-10 11:05:14,479 [Worker-1: Importing Maven projects] INFO  o.e.m.j.i.AbstractJavaProjectConfigurator - Adding resource folder /ApiRest_version02/src/main/resources
2025-02-10 11:05:14,479 [Worker-1: Importing Maven projects] INFO  o.e.m.j.i.AbstractJavaProjectConfigurator - Adding source folder /ApiRest_version02/src/test/java
2025-02-10 11:05:14,480 [Worker-1: Importing Maven projects] INFO  o.e.m.j.i.AbstractJavaProjectConfigurator - Adding resource folder /ApiRest_version02/src/test/resources
2025-02-10 11:05:14,604 [Worker-1: Importing Maven projects] INFO  o.e.m.j.i.AbstractJavaProjectConfigurator - Adding source folder /apiWEB_SENDEROS/src/main/java
2025-02-10 11:05:14,605 [Worker-1: Importing Maven projects] INFO  o.e.m.j.i.AbstractJavaProjectConfigurator - Adding resource folder /apiWEB_SENDEROS/src/main/resources
2025-02-10 11:05:14,605 [Worker-1: Importing Maven projects] INFO  o.e.m.j.i.AbstractJavaProjectConfigurator - Adding resource folder /apiWEB_SENDEROS/src/main/resources
2025-02-10 11:05:14,605 [Worker-1: Importing Maven projects] INFO  o.e.m.j.i.AbstractJavaProjectConfigurator - Adding source folder /apiWEB_SENDEROS/src/test/java
2025-02-10 11:05:14,605 [Worker-1: Importing Maven projects] INFO  o.e.m.j.i.AbstractJavaProjectConfigurator - Adding resource folder /apiWEB_SENDEROS/src/test/resources
2025-02-10 11:05:14,712 [Worker-1: Importing Maven projects] INFO  o.e.m.j.i.AbstractJavaProjectConfigurator - Adding source folder /Ejercicio1_AD/src/main/java
2025-02-10 11:05:14,713 [Worker-1: Importing Maven projects] INFO  o.e.m.j.i.AbstractJavaProjectConfigurator - Adding resource folder /Ejercicio1_AD/src/main/resources
2025-02-10 11:05:14,713 [Worker-1: Importing Maven projects] INFO  o.e.m.j.i.AbstractJavaProjectConfigurator - Adding resource folder /Ejercicio1_AD/src/main/resources
2025-02-10 11:05:14,713 [Worker-1: Importing Maven projects] INFO  o.e.m.j.i.AbstractJavaProjectConfigurator - Adding source folder /Ejercicio1_AD/src/test/java
2025-02-10 11:05:14,713 [Worker-1: Importing Maven projects] INFO  o.e.m.j.i.AbstractJavaProjectConfigurator - Adding resource folder /Ejercicio1_AD/src/test/resources
2025-02-10 11:05:14,993 [Worker-1: Importing Maven projects] INFO  o.e.m.j.i.AbstractJavaProjectConfigurator - Adding source folder /Pais/src/main/java
2025-02-10 11:05:14,993 [Worker-1: Importing Maven projects] INFO  o.e.m.j.i.AbstractJavaProjectConfigurator - Adding resource folder /Pais/src/main/resources
2025-02-10 11:05:14,993 [Worker-1: Importing Maven projects] INFO  o.e.m.j.i.AbstractJavaProjectConfigurator - Adding resource folder /Pais/src/main/resources
2025-02-10 11:05:14,994 [Worker-1: Importing Maven projects] INFO  o.e.m.j.i.AbstractJavaProjectConfigurator - Adding source folder /Pais/src/test/java
2025-02-10 11:05:14,994 [Worker-1: Importing Maven projects] INFO  o.e.m.j.i.AbstractJavaProjectConfigurator - Adding resource folder /Pais/src/test/resources
2025-02-10 11:05:15,112 [Worker-1: Importing Maven projects] INFO  o.e.m.j.i.AbstractJavaProjectConfigurator - Adding source folder /ApiRest_Senderos_BI/src/main/java
2025-02-10 11:05:15,112 [Worker-1: Importing Maven projects] INFO  o.e.m.j.i.AbstractJavaProjectConfigurator - Adding resource folder /ApiRest_Senderos_BI/src/main/resources
2025-02-10 11:05:15,112 [Worker-1: Importing Maven projects] INFO  o.e.m.j.i.AbstractJavaProjectConfigurator - Adding resource folder /ApiRest_Senderos_BI/src/main/resources
2025-02-10 11:05:15,113 [Worker-1: Importing Maven projects] INFO  o.e.m.j.i.AbstractJavaProjectConfigurator - Adding source folder /ApiRest_Senderos_BI/src/test/java
2025-02-10 11:05:15,113 [Worker-1: Importing Maven projects] INFO  o.e.m.j.i.AbstractJavaProjectConfigurator - Adding resource folder /ApiRest_Senderos_BI/src/test/resources
2025-02-10 11:05:15,225 [Worker-1: Importing Maven projects] INFO  o.e.m.j.i.AbstractJavaProjectConfigurator - Adding source folder /apiWEB_SENDEROSExtra/src/main/java
2025-02-10 11:05:15,229 [Worker-1: Importing Maven projects] INFO  o.e.m.j.i.AbstractJavaProjectConfigurator - Adding resource folder /apiWEB_SENDEROSExtra/src/main/resources
2025-02-10 11:05:15,229 [Worker-1: Importing Maven projects] INFO  o.e.m.j.i.AbstractJavaProjectConfigurator - Adding resource folder /apiWEB_SENDEROSExtra/src/main/resources
2025-02-10 11:05:15,230 [Worker-1: Importing Maven projects] INFO  o.e.m.j.i.AbstractJavaProjectConfigurator - Adding source folder /apiWEB_SENDEROSExtra/src/test/java
2025-02-10 11:05:15,230 [Worker-1: Importing Maven projects] INFO  o.e.m.j.i.AbstractJavaProjectConfigurator - Adding resource folder /apiWEB_SENDEROSExtra/src/test/resources
2025-02-10 11:05:15,341 [Worker-1: Importing Maven projects] INFO  o.e.m.j.i.AbstractJavaProjectConfigurator - Adding source folder /ApiRest_version05_25_alumnos/src/main/java
2025-02-10 11:05:15,341 [Worker-1: Importing Maven projects] INFO  o.e.m.j.i.AbstractJavaProjectConfigurator - Adding resource folder /ApiRest_version05_25_alumnos/src/main/resources
2025-02-10 11:05:15,342 [Worker-1: Importing Maven projects] INFO  o.e.m.j.i.AbstractJavaProjectConfigurator - Adding resource folder /ApiRest_version05_25_alumnos/src/main/resources
2025-02-10 11:05:15,342 [Worker-1: Importing Maven projects] INFO  o.e.m.j.i.AbstractJavaProjectConfigurator - Adding source folder /ApiRest_version05_25_alumnos/src/test/java
2025-02-10 11:05:15,342 [Worker-1: Importing Maven projects] INFO  o.e.m.j.i.AbstractJavaProjectConfigurator - Adding resource folder /ApiRest_version05_25_alumnos/src/test/resources
2025-02-10 11:05:15,465 [Worker-1: Importing Maven projects] INFO  o.e.m.c.i.p.ProjectConfigurationManager - Imported and configured 13 project(s) in 10 sec
2025-02-10 11:05:15,824 [Worker-23: Updating Maven Project] INFO  o.e.m.c.i.p.ProjectConfigurationManager - Update started
2025-02-10 11:05:18,344 [Worker-23: Updating Maven Project] INFO  o.e.m.c.i.l.LifecycleMappingFactory - Using org.eclipse.m2e.jdt.JarLifecycleMapping lifecycle mapping for MavenProject: com.ejemplos:API_REST_Entrega3:0.0.1-SNAPSHOT @ /home/fernando/05_AD_PSP/PSP_SPRING/04_ApiRest_version3_3tablas/pom.xml.
2025-02-10 11:05:18,691 [Worker-23: Updating Maven Project] INFO  o.e.m.c.i.l.LifecycleMappingFactory - Using org.eclipse.m2e.jdt.JarLifecycleMapping lifecycle mapping for MavenProject: com.ejemplos:API_REST_mysql:0.0.1-SNAPSHOT @ /home/fernando/05_AD_PSP/PSP_SPRING/09_API_REST_mysql/pom.xml.
2025-02-10 11:05:18,770 [Worker-23: Updating Maven Project] INFO  o.e.m.c.i.l.LifecycleMappingFactory - Using org.eclipse.m2e.jdt.JarLifecycleMapping lifecycle mapping for MavenProject: com.ejemplos:ApiRest_Senderos_BI:0.0.1-SNAPSHOT @ /home/fernando/05_AD_PSP/PSP_SPRING/10_ApiRest_Senderos_BI/pom.xml.
2025-02-10 11:05:18,997 [Worker-23: Updating Maven Project] INFO  o.e.m.c.i.l.LifecycleMappingFactory - Using org.eclipse.m2e.jdt.JarLifecycleMapping lifecycle mapping for MavenProject: com.ejemplos:ApiRest_version01:0.0.1-SNAPSHOT @ /home/fernando/05_AD_PSP/PSP_SPRING/01_ApiRest_version01/pom.xml.
2025-02-10 11:05:19,078 [Worker-23: Updating Maven Project] INFO  o.e.m.c.i.l.LifecycleMappingFactory - Using org.eclipse.m2e.jdt.JarLifecycleMapping lifecycle mapping for MavenProject: com.ejemplos:ApiRest_version02:0.0.1-SNAPSHOT @ /home/fernando/05_AD_PSP/PSP_SPRING/02_ApiRest_version2/pom.xml.
2025-02-10 11:05:19,106 [Worker-23: Updating Maven Project] INFO  o.e.m.c.i.l.LifecycleMappingFactory - Using org.eclipse.m2e.jdt.JarLifecycleMapping lifecycle mapping for MavenProject: com.ejemplos:ApiRest_version03:0.0.1-SNAPSHOT @ /home/fernando/05_AD_PSP/PSP_SPRING/03_ApiRest_version3/pom.xml.
2025-02-10 11:05:19,177 [Worker-23: Updating Maven Project] INFO  o.e.m.c.i.l.LifecycleMappingFactory - Using org.eclipse.m2e.jdt.JarLifecycleMapping lifecycle mapping for MavenProject: com.ejemplos:ApiRest_version05_25_alumnos:0.0.1-SNAPSHOT @ /home/fernando/05_AD_PSP/PSP_SPRING/ApiRest_version05_25_alumnos/pom.xml.
2025-02-10 11:05:19,192 [Worker-23: Updating Maven Project] WARN  o.e.m.c.i.embedder.EclipseLogger - The artifact org.hibernate:hibernate-core:pom:6.3.0.Final has been relocated to org.hibernate.orm:hibernate-core:pom:6.3.0.Final
2025-02-10 11:05:19,237 [Worker-23: Updating Maven Project] INFO  o.e.m.c.i.l.LifecycleMappingFactory - Using org.eclipse.m2e.jdt.JarLifecycleMapping lifecycle mapping for MavenProject: com.ejemplos:Ejercicio1_AD:0.0.1-SNAPSHOT @ /home/fernando/05_AD_PSP/PSP_SPRING/06_Ejercicio1_AD/pom.xml.
2025-02-10 11:05:19,330 [Worker-23: Updating Maven Project] INFO  o.e.m.c.i.l.LifecycleMappingFactory - Using org.eclipse.m2e.jdt.JarLifecycleMapping lifecycle mapping for MavenProject: com.ejemplos.Pais:Pais:0.0.1-SNAPSHOT @ /home/fernando/05_AD_PSP/PSP_SPRING/05_Pais/pom.xml.
2025-02-10 11:05:19,384 [Worker-23: Updating Maven Project] INFO  o.e.m.c.i.l.LifecycleMappingFactory - Using org.eclipse.m2e.jdt.JarLifecycleMapping lifecycle mapping for MavenProject: com.ejemplos:apiWEB:0.0.1-SNAPSHOT @ /home/fernando/05_AD_PSP/PSP_SPRING/08_apiWEB_Usuario/pom.xml.
2025-02-10 11:05:19,421 [Worker-23: Updating Maven Project] INFO  o.e.m.c.i.l.LifecycleMappingFactory - Using org.eclipse.m2e.jdt.JarLifecycleMapping lifecycle mapping for MavenProject: com.ejemplos:apiWEB_SENDEROS:0.0.1-SNAPSHOT @ /home/fernando/05_AD_PSP/PSP_SPRING/11_ApiWEB_SENDEROS/pom.xml.
2025-02-10 11:05:19,469 [Worker-23: Updating Maven Project] INFO  o.e.m.c.i.l.LifecycleMappingFactory - Using org.eclipse.m2e.jdt.JarLifecycleMapping lifecycle mapping for MavenProject: com.ejemplos:apiWEB_SENDEROSExtra:0.0.1-SNAPSHOT @ /home/fernando/05_AD_PSP/PSP_SPRING/12_apiWEB_SENDEROSExtra/pom.xml.
2025-02-10 11:05:20,387 [Worker-23: Updating Maven Project] INFO  o.e.m.j.i.AbstractJavaProjectConfigurator - Adding source folder /API_REST_Entrega3/src/main/java
2025-02-10 11:05:20,387 [Worker-23: Updating Maven Project] INFO  o.e.m.j.i.AbstractJavaProjectConfigurator - Adding resource folder /API_REST_Entrega3/src/main/resources
2025-02-10 11:05:20,390 [Worker-23: Updating Maven Project] INFO  o.e.m.j.i.AbstractJavaProjectConfigurator - Adding resource folder /API_REST_Entrega3/src/main/resources
2025-02-10 11:05:20,391 [Worker-23: Updating Maven Project] INFO  o.e.m.j.i.AbstractJavaProjectConfigurator - Adding source folder /API_REST_Entrega3/src/test/java
2025-02-10 11:05:20,391 [Worker-23: Updating Maven Project] INFO  o.e.m.j.i.AbstractJavaProjectConfigurator - Adding resource folder /API_REST_Entrega3/src/test/resources
2025-02-10 11:05:20,515 [Worker-23: Updating Maven Project] INFO  o.e.m.j.i.AbstractJavaProjectConfigurator - Adding source folder /API_REST_mysql/src/main/java
2025-02-10 11:05:20,516 [Worker-23: Updating Maven Project] INFO  o.e.m.j.i.AbstractJavaProjectConfigurator - Adding resource folder /API_REST_mysql/src/main/resources
2025-02-10 11:05:20,516 [Worker-23: Updating Maven Project] INFO  o.e.m.j.i.AbstractJavaProjectConfigurator - Adding resource folder /API_REST_mysql/src/main/resources
2025-02-10 11:05:20,516 [Worker-23: Updating Maven Project] INFO  o.e.m.j.i.AbstractJavaProjectConfigurator - Adding source folder /API_REST_mysql/src/test/java
2025-02-10 11:05:20,516 [Worker-23: Updating Maven Project] INFO  o.e.m.j.i.AbstractJavaProjectConfigurator - Adding resource folder /API_REST_mysql/src/test/resources
2025-02-10 11:05:20,594 [Worker-23: Updating Maven Project] INFO  o.e.m.j.i.AbstractJavaProjectConfigurator - Adding source folder /ApiRest_Senderos_BI/src/main/java
2025-02-10 11:05:20,594 [Worker-23: Updating Maven Project] INFO  o.e.m.j.i.AbstractJavaProjectConfigurator - Adding resource folder /ApiRest_Senderos_BI/src/main/resources
2025-02-10 11:05:20,594 [Worker-23: Updating Maven Project] INFO  o.e.m.j.i.AbstractJavaProjectConfigurator - Adding resource folder /ApiRest_Senderos_BI/src/main/resources
2025-02-10 11:05:20,594 [Worker-23: Updating Maven Project] INFO  o.e.m.j.i.AbstractJavaProjectConfigurator - Adding source folder /ApiRest_Senderos_BI/src/test/java
2025-02-10 11:05:20,594 [Worker-23: Updating Maven Project] INFO  o.e.m.j.i.AbstractJavaProjectConfigurator - Adding resource folder /ApiRest_Senderos_BI/src/test/resources
2025-02-10 11:05:20,670 [Worker-23: Updating Maven Project] INFO  o.e.m.j.i.AbstractJavaProjectConfigurator - Adding source folder /ApiRest_version01/src/main/java
2025-02-10 11:05:20,670 [Worker-23: Updating Maven Project] INFO  o.e.m.j.i.AbstractJavaProjectConfigurator - Adding resource folder /ApiRest_version01/src/main/resources
2025-02-10 11:05:20,670 [Worker-23: Updating Maven Project] INFO  o.e.m.j.i.AbstractJavaProjectConfigurator - Adding resource folder /ApiRest_version01/src/main/resources
2025-02-10 11:05:20,670 [Worker-23: Updating Maven Project] INFO  o.e.m.j.i.AbstractJavaProjectConfigurator - Adding source folder /ApiRest_version01/src/test/java
2025-02-10 11:05:20,670 [Worker-23: Updating Maven Project] INFO  o.e.m.j.i.AbstractJavaProjectConfigurator - Adding resource folder /ApiRest_version01/src/test/resources
2025-02-10 11:05:20,738 [Worker-23: Updating Maven Project] INFO  o.e.m.j.i.AbstractJavaProjectConfigurator - Adding source folder /ApiRest_version02/src/main/java
2025-02-10 11:05:20,739 [Worker-23: Updating Maven Project] INFO  o.e.m.j.i.AbstractJavaProjectConfigurator - Adding resource folder /ApiRest_version02/src/main/resources
2025-02-10 11:05:20,739 [Worker-23: Updating Maven Project] INFO  o.e.m.j.i.AbstractJavaProjectConfigurator - Adding resource folder /ApiRest_version02/src/main/resources
2025-02-10 11:05:20,739 [Worker-23: Updating Maven Project] INFO  o.e.m.j.i.AbstractJavaProjectConfigurator - Adding source folder /ApiRest_version02/src/test/java
2025-02-10 11:05:20,739 [Worker-23: Updating Maven Project] INFO  o.e.m.j.i.AbstractJavaProjectConfigurator - Adding resource folder /ApiRest_version02/src/test/resources
2025-02-10 11:05:20,810 [Worker-23: Updating Maven Project] INFO  o.e.m.j.i.AbstractJavaProjectConfigurator - Adding source folder /ApiRest_version03/src/main/java
2025-02-10 11:05:20,810 [Worker-23: Updating Maven Project] INFO  o.e.m.j.i.AbstractJavaProjectConfigurator - Adding resource folder /ApiRest_version03/src/main/resources
2025-02-10 11:05:20,810 [Worker-23: Updating Maven Project] INFO  o.e.m.j.i.AbstractJavaProjectConfigurator - Adding resource folder /ApiRest_version03/src/main/resources
2025-02-10 11:05:20,810 [Worker-23: Updating Maven Project] INFO  o.e.m.j.i.AbstractJavaProjectConfigurator - Adding source folder /ApiRest_version03/src/test/java
2025-02-10 11:05:20,811 [Worker-23: Updating Maven Project] INFO  o.e.m.j.i.AbstractJavaProjectConfigurator - Adding resource folder /ApiRest_version03/src/test/resources
2025-02-10 11:05:20,878 [Worker-23: Updating Maven Project] INFO  o.e.m.j.i.AbstractJavaProjectConfigurator - Adding source folder /ApiRest_version05_25_alumnos/src/main/java
2025-02-10 11:05:20,879 [Worker-23: Updating Maven Project] INFO  o.e.m.j.i.AbstractJavaProjectConfigurator - Adding resource folder /ApiRest_version05_25_alumnos/src/main/resources
2025-02-10 11:05:20,879 [Worker-23: Updating Maven Project] INFO  o.e.m.j.i.AbstractJavaProjectConfigurator - Adding resource folder /ApiRest_version05_25_alumnos/src/main/resources
2025-02-10 11:05:20,879 [Worker-23: Updating Maven Project] INFO  o.e.m.j.i.AbstractJavaProjectConfigurator - Adding source folder /ApiRest_version05_25_alumnos/src/test/java
2025-02-10 11:05:20,879 [Worker-23: Updating Maven Project] INFO  o.e.m.j.i.AbstractJavaProjectConfigurator - Adding resource folder /ApiRest_version05_25_alumnos/src/test/resources
2025-02-10 11:05:20,952 [Worker-23: Updating Maven Project] INFO  o.e.m.j.i.AbstractJavaProjectConfigurator - Adding source folder /Ejercicio1_AD/src/main/java
2025-02-10 11:05:20,952 [Worker-23: Updating Maven Project] INFO  o.e.m.j.i.AbstractJavaProjectConfigurator - Adding resource folder /Ejercicio1_AD/src/main/resources
2025-02-10 11:05:20,952 [Worker-23: Updating Maven Project] INFO  o.e.m.j.i.AbstractJavaProjectConfigurator - Adding resource folder /Ejercicio1_AD/src/main/resources
2025-02-10 11:05:20,953 [Worker-23: Updating Maven Project] INFO  o.e.m.j.i.AbstractJavaProjectConfigurator - Adding source folder /Ejercicio1_AD/src/test/java
2025-02-10 11:05:20,953 [Worker-23: Updating Maven Project] INFO  o.e.m.j.i.AbstractJavaProjectConfigurator - Adding resource folder /Ejercicio1_AD/src/test/resources
2025-02-10 11:05:21,018 [Worker-23: Updating Maven Project] INFO  o.e.m.j.i.AbstractJavaProjectConfigurator - Adding source folder /Pais/src/main/java
2025-02-10 11:05:21,018 [Worker-23: Updating Maven Project] INFO  o.e.m.j.i.AbstractJavaProjectConfigurator - Adding resource folder /Pais/src/main/resources
2025-02-10 11:05:21,018 [Worker-23: Updating Maven Project] INFO  o.e.m.j.i.AbstractJavaProjectConfigurator - Adding resource folder /Pais/src/main/resources
2025-02-10 11:05:21,018 [Worker-23: Updating Maven Project] INFO  o.e.m.j.i.AbstractJavaProjectConfigurator - Adding source folder /Pais/src/test/java
2025-02-10 11:05:21,018 [Worker-23: Updating Maven Project] INFO  o.e.m.j.i.AbstractJavaProjectConfigurator - Adding resource folder /Pais/src/test/resources
2025-02-10 11:05:21,100 [Worker-23: Updating Maven Project] INFO  o.e.m.j.i.AbstractJavaProjectConfigurator - Adding source folder /apiWEB/src/main/java
2025-02-10 11:05:21,100 [Worker-23: Updating Maven Project] INFO  o.e.m.j.i.AbstractJavaProjectConfigurator - Adding resource folder /apiWEB/src/main/resources
2025-02-10 11:05:21,100 [Worker-23: Updating Maven Project] INFO  o.e.m.j.i.AbstractJavaProjectConfigurator - Adding resource folder /apiWEB/src/main/resources
2025-02-10 11:05:21,101 [Worker-23: Updating Maven Project] INFO  o.e.m.j.i.AbstractJavaProjectConfigurator - Adding source folder /apiWEB/src/test/java
2025-02-10 11:05:21,101 [Worker-23: Updating Maven Project] INFO  o.e.m.j.i.AbstractJavaProjectConfigurator - Adding resource folder /apiWEB/src/test/resources
2025-02-10 11:05:21,204 [Worker-23: Updating Maven Project] INFO  o.e.m.j.i.AbstractJavaProjectConfigurator - Adding source folder /apiWEB_SENDEROS/src/main/java
2025-02-10 11:05:21,205 [Worker-23: Updating Maven Project] INFO  o.e.m.j.i.AbstractJavaProjectConfigurator - Adding resource folder /apiWEB_SENDEROS/src/main/resources
2025-02-10 11:05:21,208 [Worker-23: Updating Maven Project] INFO  o.e.m.j.i.AbstractJavaProjectConfigurator - Adding resource folder /apiWEB_SENDEROS/src/main/resources
2025-02-10 11:05:21,216 [Worker-23: Updating Maven Project] INFO  o.e.m.j.i.AbstractJavaProjectConfigurator - Adding source folder /apiWEB_SENDEROS/src/test/java
2025-02-10 11:05:21,216 [Worker-23: Updating Maven Project] INFO  o.e.m.j.i.AbstractJavaProjectConfigurator - Adding resource folder /apiWEB_SENDEROS/src/test/resources
2025-02-10 11:05:21,328 [Worker-23: Updating Maven Project] INFO  o.e.m.j.i.AbstractJavaProjectConfigurator - Adding source folder /apiWEB_SENDEROSExtra/src/main/java
2025-02-10 11:05:21,329 [Worker-23: Updating Maven Project] INFO  o.e.m.j.i.AbstractJavaProjectConfigurator - Adding resource folder /apiWEB_SENDEROSExtra/src/main/resources
2025-02-10 11:05:21,330 [Worker-23: Updating Maven Project] INFO  o.e.m.j.i.AbstractJavaProjectConfigurator - Adding resource folder /apiWEB_SENDEROSExtra/src/main/resources
2025-02-10 11:05:21,330 [Worker-23: Updating Maven Project] INFO  o.e.m.j.i.AbstractJavaProjectConfigurator - Adding source folder /apiWEB_SENDEROSExtra/src/test/java
2025-02-10 11:05:21,331 [Worker-23: Updating Maven Project] INFO  o.e.m.j.i.AbstractJavaProjectConfigurator - Adding resource folder /apiWEB_SENDEROSExtra/src/test/resources
2025-02-10 11:05:22,158 [Worker-23: Updating Maven Project] INFO  o.e.m.c.i.p.ProjectConfigurationManager - Update completed for 12 poms: local refresh takes 0,00 sec, refresh facades takes 4,00 sec, update config takes 1,00 sec 
2025-02-10 11:05:23,534 [Worker-18: Building] INFO  o.a.m.s.f.DefaultMavenResourcesFiltering - Copying 1 resource from src/main/resources to target/classes
2025-02-10 11:05:23,593 [Worker-18: Building] INFO  o.a.m.s.f.DefaultMavenResourcesFiltering - Copying 0 resource from src/main/resources to target/classes
2025-02-10 11:05:23,599 [Worker-18: Building] INFO  o.a.m.s.f.DefaultMavenResourcesFiltering - skip non existing resourceDirectory /home/fernando/05_AD_PSP/PSP_SPRING/04_ApiRest_version3_3tablas/src/test/resources
2025-02-10 11:05:24,210 [Worker-18: Building] INFO  o.a.m.s.f.DefaultMavenResourcesFiltering - Copying 1 resource from src/main/resources to target/classes
2025-02-10 11:05:24,221 [Worker-18: Building] INFO  o.a.m.s.f.DefaultMavenResourcesFiltering - Copying 0 resource from src/main/resources to target/classes
2025-02-10 11:05:24,226 [Worker-18: Building] INFO  o.a.m.s.f.DefaultMavenResourcesFiltering - skip non existing resourceDirectory /home/fernando/05_AD_PSP/PSP_SPRING/09_API_REST_mysql/src/test/resources
2025-02-10 11:05:24,524 [Worker-18: Building] INFO  o.a.m.s.f.DefaultMavenResourcesFiltering - Copying 1 resource from src/main/resources to target/classes
2025-02-10 11:05:24,536 [Worker-18: Building] INFO  o.a.m.s.f.DefaultMavenResourcesFiltering - Copying 0 resource from src/main/resources to target/classes
2025-02-10 11:05:24,546 [Worker-18: Building] INFO  o.a.m.s.f.DefaultMavenResourcesFiltering - skip non existing resourceDirectory /home/fernando/05_AD_PSP/PSP_SPRING/10_ApiRest_Senderos_BI/src/test/resources
2025-02-10 11:05:25,003 [Worker-18: Building] INFO  o.a.m.s.f.DefaultMavenResourcesFiltering - Copying 1 resource from src/main/resources to target/classes
2025-02-10 11:05:25,016 [Worker-18: Building] INFO  o.a.m.s.f.DefaultMavenResourcesFiltering - Copying 1 resource from src/main/resources to target/classes
2025-02-10 11:05:25,024 [Worker-18: Building] INFO  o.a.m.s.f.DefaultMavenResourcesFiltering - skip non existing resourceDirectory /home/fernando/05_AD_PSP/PSP_SPRING/01_ApiRest_version01/src/test/resources
2025-02-10 11:05:25,210 [Worker-18: Building] INFO  o.a.m.s.f.DefaultMavenResourcesFiltering - Copying 1 resource from src/main/resources to target/classes
2025-02-10 11:05:25,224 [Worker-18: Building] INFO  o.a.m.s.f.DefaultMavenResourcesFiltering - Copying 1 resource from src/main/resources to target/classes
2025-02-10 11:05:25,231 [Worker-18: Building] INFO  o.a.m.s.f.DefaultMavenResourcesFiltering - skip non existing resourceDirectory /home/fernando/05_AD_PSP/PSP_SPRING/02_ApiRest_version2/src/test/resources
2025-02-10 11:05:25,442 [Worker-18: Building] INFO  o.a.m.s.f.DefaultMavenResourcesFiltering - Copying 1 resource from src/main/resources to target/classes
2025-02-10 11:05:25,454 [Worker-18: Building] INFO  o.a.m.s.f.DefaultMavenResourcesFiltering - Copying 1 resource from src/main/resources to target/classes
2025-02-10 11:05:25,462 [Worker-18: Building] INFO  o.a.m.s.f.DefaultMavenResourcesFiltering - skip non existing resourceDirectory /home/fernando/05_AD_PSP/PSP_SPRING/03_ApiRest_version3/src/test/resources
2025-02-10 11:05:25,789 [Worker-18: Building] INFO  o.a.m.s.f.DefaultMavenResourcesFiltering - Copying 1 resource from src/main/resources to target/classes
2025-02-10 11:05:25,801 [Worker-18: Building] INFO  o.a.m.s.f.DefaultMavenResourcesFiltering - Copying 1 resource from src/main/resources to target/classes
2025-02-10 11:05:25,804 [Worker-18: Building] INFO  o.a.m.s.f.DefaultMavenResourcesFiltering - skip non existing resourceDirectory /home/fernando/05_AD_PSP/PSP_SPRING/ApiRest_version05_25_alumnos/src/test/resources
2025-02-10 11:05:25,991 [Worker-18: Building] INFO  o.a.m.s.f.DefaultMavenResourcesFiltering - Copying 1 resource from src/main/resources to target/classes
2025-02-10 11:05:26,003 [Worker-18: Building] INFO  o.a.m.s.f.DefaultMavenResourcesFiltering - Copying 4 resources from src/main/resources to target/classes
2025-02-10 11:05:26,006 [Worker-18: Building] INFO  o.a.m.s.f.DefaultMavenResourcesFiltering - skip non existing resourceDirectory /home/fernando/05_AD_PSP/PSP_SPRING/06_Ejercicio1_AD/src/test/resources
2025-02-10 11:05:26,238 [Worker-18: Building] INFO  o.a.m.s.f.DefaultMavenResourcesFiltering - Copying 1 resource from src/main/resources to target/classes
2025-02-10 11:05:26,255 [Worker-18: Building] INFO  o.a.m.s.f.DefaultMavenResourcesFiltering - Copying 2 resources from src/main/resources to target/classes
2025-02-10 11:05:26,263 [Worker-18: Building] INFO  o.a.m.s.f.DefaultMavenResourcesFiltering - skip non existing resourceDirectory /home/fernando/05_AD_PSP/PSP_SPRING/05_Pais/src/test/resources
2025-02-10 11:05:26,460 [Worker-18: Building] INFO  o.a.m.s.f.DefaultMavenResourcesFiltering - Copying 1 resource from src/main/resources to target/classes
2025-02-10 11:05:26,471 [Worker-18: Building] INFO  o.a.m.s.f.DefaultMavenResourcesFiltering - Copying 4 resources from src/main/resources to target/classes
2025-02-10 11:05:26,475 [Worker-18: Building] INFO  o.a.m.s.f.DefaultMavenResourcesFiltering - skip non existing resourceDirectory /home/fernando/05_AD_PSP/PSP_SPRING/08_apiWEB_Usuario/src/test/resources
2025-02-10 11:05:26,671 [Worker-18: Building] INFO  o.a.m.s.f.DefaultMavenResourcesFiltering - Copying 1 resource from src/main/resources to target/classes
2025-02-10 11:05:26,681 [Worker-18: Building] INFO  o.a.m.s.f.DefaultMavenResourcesFiltering - Copying 2 resources from src/main/resources to target/classes
2025-02-10 11:05:26,685 [Worker-18: Building] INFO  o.a.m.s.f.DefaultMavenResourcesFiltering - skip non existing resourceDirectory /home/fernando/05_AD_PSP/PSP_SPRING/11_ApiWEB_SENDEROS/src/test/resources
2025-02-10 11:05:26,883 [Worker-18: Building] INFO  o.a.m.s.f.DefaultMavenResourcesFiltering - Copying 1 resource from src/main/resources to target/classes
2025-02-10 11:05:26,894 [Worker-18: Building] INFO  o.a.m.s.f.DefaultMavenResourcesFiltering - Copying 4 resources from src/main/resources to target/classes
2025-02-10 11:05:26,897 [Worker-18: Building] INFO  o.a.m.s.f.DefaultMavenResourcesFiltering - skip non existing resourceDirectory /home/fernando/05_AD_PSP/PSP_SPRING/12_apiWEB_SENDEROSExtra/src/test/resources
